"Severity","ThreadID","Date","Time","Application","Message"
"INFO","Thread-6","04/06/2022","13:05:46","lucee.runtime.CFMLFactoryImpl","Reset 1 Unused PageContexts"
"INFO","Thread-6","04/06/2022","13:09:15","lucee.runtime.CFMLFactoryImpl","Reset 1 Unused PageContexts"
"ERROR","http-nio-8888-exec-2","04/06/2022","13:36:30","webadmin5.3.8.206","Communications link failure

The last packet sent successfully to the server was 0 milliseconds ago. The driver has not received any packets from the server.;Communications link failure

The last packet sent successfully to the server was 0 milliseconds ago. The driver has not received any packets from the server.;lucee.runtime.exp.NativeException: Communications link failure

The last packet sent successfully to the server was 0 milliseconds ago. The driver has not received any packets from the server.
	at com.mysql.cj.jdbc.exceptions.SQLError.createCommunicationsException(SQLError.java:174)
	at com.mysql.cj.jdbc.exceptions.SQLExceptionsMapping.translateException(SQLExceptionsMapping.java:64)
	at com.mysql.cj.jdbc.ConnectionImpl.createNewIO(ConnectionImpl.java:836)
	at com.mysql.cj.jdbc.ConnectionImpl.<init>(ConnectionImpl.java:456)
	at com.mysql.cj.jdbc.ConnectionImpl.getInstance(ConnectionImpl.java:246)
	at com.mysql.cj.jdbc.NonRegisteringDriver.connect(NonRegisteringDriver.java:197)
	at lucee.runtime.db.DataSourceSupport._getConnection(DataSourceSupport.java:135)
	at lucee.runtime.db.DataSourceSupport.getConnection(DataSourceSupport.java:103)
	at lucee.runtime.tag.Admin._doVerifyDatasource(Admin.java:2893)
	at lucee.runtime.tag.Admin.doUpdateDatasource(Admin.java:2669)
	at lucee.runtime.tag.Admin._doStartTag(Admin.java:714)
	at lucee.runtime.tag.Admin.doStartTag(Admin.java:349)
	at services_datasource_create_cfm1334$cf.call(/admin/services.datasource.create.cfm:88)
	at lucee.runtime.PageContextImpl._doInclude(PageContextImpl.java:1034)
	at lucee.runtime.PageContextImpl._doInclude(PageContextImpl.java:926)
	at lucee.runtime.PageContextImpl.doInclude(PageContextImpl.java:907)
	at services_datasource_cfm414$cf.call(/admin/services.datasource.cfm:108)
	at lucee.runtime.PageContextImpl._doInclude(PageContextImpl.java:1034)
	at lucee.runtime.PageContextImpl._doInclude(PageContextImpl.java:926)
	at lucee.runtime.PageContextImpl.doInclude(PageContextImpl.java:907)
	at web_cfm$cf.call(/admin/web.cfm:492)
	at lucee.runtime.PageContextImpl._doInclude(PageContextImpl.java:1034)
	at lucee.runtime.PageContextImpl._doInclude(PageContextImpl.java:926)
	at lucee.runtime.listener.ModernAppListener._onRequest(ModernAppListener.java:217)
	at lucee.runtime.listener.MixedAppListener.onRequest(MixedAppListener.java:44)
	at lucee.runtime.PageContextImpl.execute(PageContextImpl.java:2460)
	at lucee.runtime.PageContextImpl._execute(PageContextImpl.java:2450)
	at lucee.runtime.PageContextImpl.executeCFML(PageContextImpl.java:2421)
	at lucee.runtime.engine.Request.exe(Request.java:45)
	at lucee.runtime.engine.CFMLEngineImpl._service(CFMLEngineImpl.java:1179)
	at lucee.runtime.engine.CFMLEngineImpl.serviceCFML(CFMLEngineImpl.java:1125)
	at lucee.loader.engine.CFMLEngineWrapper.serviceCFML(CFMLEngineWrapper.java:97)
	at lucee.loader.servlet.CFMLServlet.service(CFMLServlet.java:51)
	at javax.servlet.http.HttpServlet.service(HttpServlet.java:764)
	at org.apache.catalina.core.ApplicationFilterChain.internalDoFilter(ApplicationFilterChain.java:227)
	at org.apache.catalina.core.ApplicationFilterChain.doFilter(ApplicationFilterChain.java:162)
	at org.apache.tomcat.websocket.server.WsFilter.doFilter(WsFilter.java:53)
	at org.apache.catalina.core.ApplicationFilterChain.internalDoFilter(ApplicationFilterChain.java:189)
	at org.apache.catalina.core.ApplicationFilterChain.doFilter(ApplicationFilterChain.java:162)
	at org.apache.catalina.core.StandardWrapperValve.invoke(StandardWrapperValve.java:197)
	at org.apache.catalina.core.StandardContextValve.invoke(StandardContextValve.java:97)
	at org.apache.catalina.authenticator.AuthenticatorBase.invoke(AuthenticatorBase.java:540)
	at org.apache.catalina.core.StandardHostValve.invoke(StandardHostValve.java:135)
	at org.apache.catalina.valves.ErrorReportValve.invoke(ErrorReportValve.java:92)
	at org.apache.catalina.valves.AbstractAccessLogValve.invoke(AbstractAccessLogValve.java:687)
	at org.apache.catalina.valves.RemoteIpValve.invoke(RemoteIpValve.java:769)
	at org.apache.catalina.core.StandardEngineValve.invoke(StandardEngineValve.java:78)
	at org.apache.catalina.connector.CoyoteAdapter.service(CoyoteAdapter.java:357)
	at org.apache.coyote.http11.Http11Processor.service(Http11Processor.java:382)
	at org.apache.coyote.AbstractProcessorLight.process(AbstractProcessorLight.java:65)
	at org.apache.coyote.AbstractProtocol$ConnectionHandler.process(AbstractProtocol.java:893)
	at org.apache.tomcat.util.net.NioEndpoint$SocketProcessor.doRun(NioEndpoint.java:1726)
	at org.apache.tomcat.util.net.SocketProcessorBase.run(SocketProcessorBase.java:49)
	at org.apache.tomcat.util.threads.ThreadPoolExecutor.runWorker(ThreadPoolExecutor.java:1191)
	at org.apache.tomcat.util.threads.ThreadPoolExecutor$Worker.run(ThreadPoolExecutor.java:659)
	at org.apache.tomcat.util.threads.TaskThread$WrappingRunnable.run(TaskThread.java:61)
	at java.base/java.lang.Thread.run(Thread.java:829)
Caused by: com.mysql.cj.jdbc.exceptions.CommunicationsException: Communications link failure

The last packet sent successfully to the server was 0 milliseconds ago. The driver has not received any packets from the server.
	... 57 more
Caused by: com.mysql.cj.exceptions.CJCommunicationsException: Communications link failure

The last packet sent successfully to the server was 0 milliseconds ago. The driver has not received any packets from the server.
	at java.base/jdk.internal.reflect.NativeConstructorAccessorImpl.newInstance0(Native Method)
	at java.base/jdk.internal.reflect.NativeConstructorAccessorImpl.newInstance(NativeConstructorAccessorImpl.java:62)
	at java.base/jdk.internal.reflect.DelegatingConstructorAccessorImpl.newInstance(DelegatingConstructorAccessorImpl.java:45)
	at java.base/java.lang.reflect.Constructor.newInstance(Constructor.java:490)
	at com.mysql.cj.exceptions.ExceptionFactory.createException(ExceptionFactory.java:61)
	at com.mysql.cj.exceptions.ExceptionFactory.createException(ExceptionFactory.java:105)
	at com.mysql.cj.exceptions.ExceptionFactory.createException(ExceptionFactory.java:151)
	at com.mysql.cj.exceptions.ExceptionFactory.createCommunicationsException(ExceptionFactory.java:167)
	at com.mysql.cj.protocol.a.NativeSocketConnection.connect(NativeSocketConnection.java:91)
	at com.mysql.cj.NativeSession.connect(NativeSession.java:144)
	at com.mysql.cj.jdbc.ConnectionImpl.connectOneTryOnly(ConnectionImpl.java:956)
	at com.mysql.cj.jdbc.ConnectionImpl.createNewIO(ConnectionImpl.java:826)
	... 54 more
Caused by: java.net.ConnectException: Connection refused (Connection refused)
	at java.base/java.net.PlainSocketImpl.socketConnect(Native Method)
	at java.base/java.net.AbstractPlainSocketImpl.doConnect(AbstractPlainSocketImpl.java:399)
	at java.base/java.net.AbstractPlainSocketImpl.connectToAddress(AbstractPlainSocketImpl.java:242)
	at java.base/java.net.AbstractPlainSocketImpl.connect(AbstractPlainSocketImpl.java:224)
	at java.base/java.net.SocksSocketImpl.connect(SocksSocketImpl.java:392)
	at java.base/java.net.Socket.connect(Socket.java:609)
	at com.mysql.cj.protocol.StandardSocketFactory.connect(StandardSocketFactory.java:155)
	at com.mysql.cj.protocol.a.NativeSocketConnection.connect(NativeSocketConnection.java:65)
	... 57 more
"
"ERROR","http-nio-8888-exec-7","04/06/2022","13:36:47","webadmin5.3.8.206","Communications link failure

The last packet sent successfully to the server was 0 milliseconds ago. The driver has not received any packets from the server.;Communications link failure

The last packet sent successfully to the server was 0 milliseconds ago. The driver has not received any packets from the server.;lucee.runtime.exp.NativeException: Communications link failure

The last packet sent successfully to the server was 0 milliseconds ago. The driver has not received any packets from the server.
	at com.mysql.cj.jdbc.exceptions.SQLError.createCommunicationsException(SQLError.java:174)
	at com.mysql.cj.jdbc.exceptions.SQLExceptionsMapping.translateException(SQLExceptionsMapping.java:64)
	at com.mysql.cj.jdbc.ConnectionImpl.createNewIO(ConnectionImpl.java:836)
	at com.mysql.cj.jdbc.ConnectionImpl.<init>(ConnectionImpl.java:456)
	at com.mysql.cj.jdbc.ConnectionImpl.getInstance(ConnectionImpl.java:246)
	at com.mysql.cj.jdbc.NonRegisteringDriver.connect(NonRegisteringDriver.java:197)
	at lucee.runtime.db.DataSourceSupport._getConnection(DataSourceSupport.java:135)
	at lucee.runtime.db.DataSourceSupport.getConnection(DataSourceSupport.java:103)
	at lucee.runtime.tag.Admin._doVerifyDatasource(Admin.java:2893)
	at lucee.runtime.tag.Admin.doUpdateDatasource(Admin.java:2669)
	at lucee.runtime.tag.Admin._doStartTag(Admin.java:714)
	at lucee.runtime.tag.Admin.doStartTag(Admin.java:349)
	at services_datasource_create_cfm1334$cf.call(/admin/services.datasource.create.cfm:88)
	at lucee.runtime.PageContextImpl._doInclude(PageContextImpl.java:1034)
	at lucee.runtime.PageContextImpl._doInclude(PageContextImpl.java:926)
	at lucee.runtime.PageContextImpl.doInclude(PageContextImpl.java:907)
	at services_datasource_cfm414$cf.call(/admin/services.datasource.cfm:108)
	at lucee.runtime.PageContextImpl._doInclude(PageContextImpl.java:1034)
	at lucee.runtime.PageContextImpl._doInclude(PageContextImpl.java:926)
	at lucee.runtime.PageContextImpl.doInclude(PageContextImpl.java:907)
	at web_cfm$cf.call(/admin/web.cfm:492)
	at lucee.runtime.PageContextImpl._doInclude(PageContextImpl.java:1034)
	at lucee.runtime.PageContextImpl._doInclude(PageContextImpl.java:926)
	at lucee.runtime.listener.ModernAppListener._onRequest(ModernAppListener.java:217)
	at lucee.runtime.listener.MixedAppListener.onRequest(MixedAppListener.java:44)
	at lucee.runtime.PageContextImpl.execute(PageContextImpl.java:2460)
	at lucee.runtime.PageContextImpl._execute(PageContextImpl.java:2450)
	at lucee.runtime.PageContextImpl.executeCFML(PageContextImpl.java:2421)
	at lucee.runtime.engine.Request.exe(Request.java:45)
	at lucee.runtime.engine.CFMLEngineImpl._service(CFMLEngineImpl.java:1179)
	at lucee.runtime.engine.CFMLEngineImpl.serviceCFML(CFMLEngineImpl.java:1125)
	at lucee.loader.engine.CFMLEngineWrapper.serviceCFML(CFMLEngineWrapper.java:97)
	at lucee.loader.servlet.CFMLServlet.service(CFMLServlet.java:51)
	at javax.servlet.http.HttpServlet.service(HttpServlet.java:764)
	at org.apache.catalina.core.ApplicationFilterChain.internalDoFilter(ApplicationFilterChain.java:227)
	at org.apache.catalina.core.ApplicationFilterChain.doFilter(ApplicationFilterChain.java:162)
	at org.apache.tomcat.websocket.server.WsFilter.doFilter(WsFilter.java:53)
	at org.apache.catalina.core.ApplicationFilterChain.internalDoFilter(ApplicationFilterChain.java:189)
	at org.apache.catalina.core.ApplicationFilterChain.doFilter(ApplicationFilterChain.java:162)
	at org.apache.catalina.core.StandardWrapperValve.invoke(StandardWrapperValve.java:197)
	at org.apache.catalina.core.StandardContextValve.invoke(StandardContextValve.java:97)
	at org.apache.catalina.authenticator.AuthenticatorBase.invoke(AuthenticatorBase.java:540)
	at org.apache.catalina.core.StandardHostValve.invoke(StandardHostValve.java:135)
	at org.apache.catalina.valves.ErrorReportValve.invoke(ErrorReportValve.java:92)
	at org.apache.catalina.valves.AbstractAccessLogValve.invoke(AbstractAccessLogValve.java:687)
	at org.apache.catalina.valves.RemoteIpValve.invoke(RemoteIpValve.java:769)
	at org.apache.catalina.core.StandardEngineValve.invoke(StandardEngineValve.java:78)
	at org.apache.catalina.connector.CoyoteAdapter.service(CoyoteAdapter.java:357)
	at org.apache.coyote.http11.Http11Processor.service(Http11Processor.java:382)
	at org.apache.coyote.AbstractProcessorLight.process(AbstractProcessorLight.java:65)
	at org.apache.coyote.AbstractProtocol$ConnectionHandler.process(AbstractProtocol.java:893)
	at org.apache.tomcat.util.net.NioEndpoint$SocketProcessor.doRun(NioEndpoint.java:1726)
	at org.apache.tomcat.util.net.SocketProcessorBase.run(SocketProcessorBase.java:49)
	at org.apache.tomcat.util.threads.ThreadPoolExecutor.runWorker(ThreadPoolExecutor.java:1191)
	at org.apache.tomcat.util.threads.ThreadPoolExecutor$Worker.run(ThreadPoolExecutor.java:659)
	at org.apache.tomcat.util.threads.TaskThread$WrappingRunnable.run(TaskThread.java:61)
	at java.base/java.lang.Thread.run(Thread.java:829)
Caused by: com.mysql.cj.jdbc.exceptions.CommunicationsException: Communications link failure

The last packet sent successfully to the server was 0 milliseconds ago. The driver has not received any packets from the server.
	... 57 more
Caused by: com.mysql.cj.exceptions.CJCommunicationsException: Communications link failure

The last packet sent successfully to the server was 0 milliseconds ago. The driver has not received any packets from the server.
	at java.base/jdk.internal.reflect.NativeConstructorAccessorImpl.newInstance0(Native Method)
	at java.base/jdk.internal.reflect.NativeConstructorAccessorImpl.newInstance(NativeConstructorAccessorImpl.java:62)
	at java.base/jdk.internal.reflect.DelegatingConstructorAccessorImpl.newInstance(DelegatingConstructorAccessorImpl.java:45)
	at java.base/java.lang.reflect.Constructor.newInstance(Constructor.java:490)
	at com.mysql.cj.exceptions.ExceptionFactory.createException(ExceptionFactory.java:61)
	at com.mysql.cj.exceptions.ExceptionFactory.createException(ExceptionFactory.java:105)
	at com.mysql.cj.exceptions.ExceptionFactory.createException(ExceptionFactory.java:151)
	at com.mysql.cj.exceptions.ExceptionFactory.createCommunicationsException(ExceptionFactory.java:167)
	at com.mysql.cj.protocol.a.NativeSocketConnection.connect(NativeSocketConnection.java:91)
	at com.mysql.cj.NativeSession.connect(NativeSession.java:144)
	at com.mysql.cj.jdbc.ConnectionImpl.connectOneTryOnly(ConnectionImpl.java:956)
	at com.mysql.cj.jdbc.ConnectionImpl.createNewIO(ConnectionImpl.java:826)
	... 54 more
Caused by: java.net.ConnectException: Connection refused (Connection refused)
	at java.base/java.net.PlainSocketImpl.socketConnect(Native Method)
	at java.base/java.net.AbstractPlainSocketImpl.doConnect(AbstractPlainSocketImpl.java:399)
	at java.base/java.net.AbstractPlainSocketImpl.connectToAddress(AbstractPlainSocketImpl.java:242)
	at java.base/java.net.AbstractPlainSocketImpl.connect(AbstractPlainSocketImpl.java:224)
	at java.base/java.net.SocksSocketImpl.connect(SocksSocketImpl.java:392)
	at java.base/java.net.Socket.connect(Socket.java:609)
	at com.mysql.cj.protocol.StandardSocketFactory.connect(StandardSocketFactory.java:155)
	at com.mysql.cj.protocol.a.NativeSocketConnection.connect(NativeSocketConnection.java:65)
	... 57 more
"
"ERROR","http-nio-8888-exec-1","04/06/2022","13:37:05","webadmin5.3.8.206","Communications link failure

The last packet sent successfully to the server was 0 milliseconds ago. The driver has not received any packets from the server.;Communications link failure

The last packet sent successfully to the server was 0 milliseconds ago. The driver has not received any packets from the server.;lucee.runtime.exp.NativeException: Communications link failure

The last packet sent successfully to the server was 0 milliseconds ago. The driver has not received any packets from the server.
	at com.mysql.cj.jdbc.exceptions.SQLError.createCommunicationsException(SQLError.java:174)
	at com.mysql.cj.jdbc.exceptions.SQLExceptionsMapping.translateException(SQLExceptionsMapping.java:64)
	at com.mysql.cj.jdbc.ConnectionImpl.createNewIO(ConnectionImpl.java:836)
	at com.mysql.cj.jdbc.ConnectionImpl.<init>(ConnectionImpl.java:456)
	at com.mysql.cj.jdbc.ConnectionImpl.getInstance(ConnectionImpl.java:246)
	at com.mysql.cj.jdbc.NonRegisteringDriver.connect(NonRegisteringDriver.java:197)
	at lucee.runtime.db.DataSourceSupport._getConnection(DataSourceSupport.java:135)
	at lucee.runtime.db.DataSourceSupport.getConnection(DataSourceSupport.java:103)
	at lucee.runtime.tag.Admin._doVerifyDatasource(Admin.java:2893)
	at lucee.runtime.tag.Admin.doUpdateDatasource(Admin.java:2669)
	at lucee.runtime.tag.Admin._doStartTag(Admin.java:714)
	at lucee.runtime.tag.Admin.doStartTag(Admin.java:349)
	at services_datasource_create_cfm1334$cf.call(/admin/services.datasource.create.cfm:88)
	at lucee.runtime.PageContextImpl._doInclude(PageContextImpl.java:1034)
	at lucee.runtime.PageContextImpl._doInclude(PageContextImpl.java:926)
	at lucee.runtime.PageContextImpl.doInclude(PageContextImpl.java:907)
	at services_datasource_cfm414$cf.call(/admin/services.datasource.cfm:108)
	at lucee.runtime.PageContextImpl._doInclude(PageContextImpl.java:1034)
	at lucee.runtime.PageContextImpl._doInclude(PageContextImpl.java:926)
	at lucee.runtime.PageContextImpl.doInclude(PageContextImpl.java:907)
	at web_cfm$cf.call(/admin/web.cfm:492)
	at lucee.runtime.PageContextImpl._doInclude(PageContextImpl.java:1034)
	at lucee.runtime.PageContextImpl._doInclude(PageContextImpl.java:926)
	at lucee.runtime.listener.ModernAppListener._onRequest(ModernAppListener.java:217)
	at lucee.runtime.listener.MixedAppListener.onRequest(MixedAppListener.java:44)
	at lucee.runtime.PageContextImpl.execute(PageContextImpl.java:2460)
	at lucee.runtime.PageContextImpl._execute(PageContextImpl.java:2450)
	at lucee.runtime.PageContextImpl.executeCFML(PageContextImpl.java:2421)
	at lucee.runtime.engine.Request.exe(Request.java:45)
	at lucee.runtime.engine.CFMLEngineImpl._service(CFMLEngineImpl.java:1179)
	at lucee.runtime.engine.CFMLEngineImpl.serviceCFML(CFMLEngineImpl.java:1125)
	at lucee.loader.engine.CFMLEngineWrapper.serviceCFML(CFMLEngineWrapper.java:97)
	at lucee.loader.servlet.CFMLServlet.service(CFMLServlet.java:51)
	at javax.servlet.http.HttpServlet.service(HttpServlet.java:764)
	at org.apache.catalina.core.ApplicationFilterChain.internalDoFilter(ApplicationFilterChain.java:227)
	at org.apache.catalina.core.ApplicationFilterChain.doFilter(ApplicationFilterChain.java:162)
	at org.apache.tomcat.websocket.server.WsFilter.doFilter(WsFilter.java:53)
	at org.apache.catalina.core.ApplicationFilterChain.internalDoFilter(ApplicationFilterChain.java:189)
	at org.apache.catalina.core.ApplicationFilterChain.doFilter(ApplicationFilterChain.java:162)
	at org.apache.catalina.core.StandardWrapperValve.invoke(StandardWrapperValve.java:197)
	at org.apache.catalina.core.StandardContextValve.invoke(StandardContextValve.java:97)
	at org.apache.catalina.authenticator.AuthenticatorBase.invoke(AuthenticatorBase.java:540)
	at org.apache.catalina.core.StandardHostValve.invoke(StandardHostValve.java:135)
	at org.apache.catalina.valves.ErrorReportValve.invoke(ErrorReportValve.java:92)
	at org.apache.catalina.valves.AbstractAccessLogValve.invoke(AbstractAccessLogValve.java:687)
	at org.apache.catalina.valves.RemoteIpValve.invoke(RemoteIpValve.java:769)
	at org.apache.catalina.core.StandardEngineValve.invoke(StandardEngineValve.java:78)
	at org.apache.catalina.connector.CoyoteAdapter.service(CoyoteAdapter.java:357)
	at org.apache.coyote.http11.Http11Processor.service(Http11Processor.java:382)
	at org.apache.coyote.AbstractProcessorLight.process(AbstractProcessorLight.java:65)
	at org.apache.coyote.AbstractProtocol$ConnectionHandler.process(AbstractProtocol.java:893)
	at org.apache.tomcat.util.net.NioEndpoint$SocketProcessor.doRun(NioEndpoint.java:1726)
	at org.apache.tomcat.util.net.SocketProcessorBase.run(SocketProcessorBase.java:49)
	at org.apache.tomcat.util.threads.ThreadPoolExecutor.runWorker(ThreadPoolExecutor.java:1191)
	at org.apache.tomcat.util.threads.ThreadPoolExecutor$Worker.run(ThreadPoolExecutor.java:659)
	at org.apache.tomcat.util.threads.TaskThread$WrappingRunnable.run(TaskThread.java:61)
	at java.base/java.lang.Thread.run(Thread.java:829)
Caused by: com.mysql.cj.jdbc.exceptions.CommunicationsException: Communications link failure

The last packet sent successfully to the server was 0 milliseconds ago. The driver has not received any packets from the server.
	... 57 more
Caused by: com.mysql.cj.exceptions.CJCommunicationsException: Communications link failure

The last packet sent successfully to the server was 0 milliseconds ago. The driver has not received any packets from the server.
	at java.base/jdk.internal.reflect.NativeConstructorAccessorImpl.newInstance0(Native Method)
	at java.base/jdk.internal.reflect.NativeConstructorAccessorImpl.newInstance(NativeConstructorAccessorImpl.java:62)
	at java.base/jdk.internal.reflect.DelegatingConstructorAccessorImpl.newInstance(DelegatingConstructorAccessorImpl.java:45)
	at java.base/java.lang.reflect.Constructor.newInstance(Constructor.java:490)
	at com.mysql.cj.exceptions.ExceptionFactory.createException(ExceptionFactory.java:61)
	at com.mysql.cj.exceptions.ExceptionFactory.createException(ExceptionFactory.java:105)
	at com.mysql.cj.exceptions.ExceptionFactory.createException(ExceptionFactory.java:151)
	at com.mysql.cj.exceptions.ExceptionFactory.createCommunicationsException(ExceptionFactory.java:167)
	at com.mysql.cj.protocol.a.NativeSocketConnection.connect(NativeSocketConnection.java:91)
	at com.mysql.cj.NativeSession.connect(NativeSession.java:144)
	at com.mysql.cj.jdbc.ConnectionImpl.connectOneTryOnly(ConnectionImpl.java:956)
	at com.mysql.cj.jdbc.ConnectionImpl.createNewIO(ConnectionImpl.java:826)
	... 54 more
Caused by: java.net.ConnectException: Connection refused (Connection refused)
	at java.base/java.net.PlainSocketImpl.socketConnect(Native Method)
	at java.base/java.net.AbstractPlainSocketImpl.doConnect(AbstractPlainSocketImpl.java:399)
	at java.base/java.net.AbstractPlainSocketImpl.connectToAddress(AbstractPlainSocketImpl.java:242)
	at java.base/java.net.AbstractPlainSocketImpl.connect(AbstractPlainSocketImpl.java:224)
	at java.base/java.net.SocksSocketImpl.connect(SocksSocketImpl.java:392)
	at java.base/java.net.Socket.connect(Socket.java:609)
	at com.mysql.cj.protocol.StandardSocketFactory.connect(StandardSocketFactory.java:155)
	at com.mysql.cj.protocol.a.NativeSocketConnection.connect(NativeSocketConnection.java:65)
	... 57 more
"
"ERROR","http-nio-8888-exec-4","04/06/2022","13:37:32","webadmin5.3.8.206","Access denied for user 'lucee_and_mysql'@'172.26.0.2' (using password: YES);Access denied for user 'lucee_and_mysql'@'172.26.0.2' (using password: YES);lucee.runtime.exp.NativeException: Access denied for user 'lucee_and_mysql'@'172.26.0.2' (using password: YES)
	at com.mysql.cj.jdbc.exceptions.SQLError.createSQLException(SQLError.java:129)
	at com.mysql.cj.jdbc.exceptions.SQLError.createSQLException(SQLError.java:97)
	at com.mysql.cj.jdbc.exceptions.SQLExceptionsMapping.translateException(SQLExceptionsMapping.java:122)
	at com.mysql.cj.jdbc.ConnectionImpl.createNewIO(ConnectionImpl.java:836)
	at com.mysql.cj.jdbc.ConnectionImpl.<init>(ConnectionImpl.java:456)
	at com.mysql.cj.jdbc.ConnectionImpl.getInstance(ConnectionImpl.java:246)
	at com.mysql.cj.jdbc.NonRegisteringDriver.connect(NonRegisteringDriver.java:197)
	at lucee.runtime.db.DataSourceSupport._getConnection(DataSourceSupport.java:135)
	at lucee.runtime.db.DataSourceSupport.getConnection(DataSourceSupport.java:103)
	at lucee.runtime.tag.Admin._doVerifyDatasource(Admin.java:2893)
	at lucee.runtime.tag.Admin.doUpdateDatasource(Admin.java:2669)
	at lucee.runtime.tag.Admin._doStartTag(Admin.java:714)
	at lucee.runtime.tag.Admin.doStartTag(Admin.java:349)
	at services_datasource_create_cfm1334$cf.call(/admin/services.datasource.create.cfm:88)
	at lucee.runtime.PageContextImpl._doInclude(PageContextImpl.java:1034)
	at lucee.runtime.PageContextImpl._doInclude(PageContextImpl.java:926)
	at lucee.runtime.PageContextImpl.doInclude(PageContextImpl.java:907)
	at services_datasource_cfm414$cf.call(/admin/services.datasource.cfm:108)
	at lucee.runtime.PageContextImpl._doInclude(PageContextImpl.java:1034)
	at lucee.runtime.PageContextImpl._doInclude(PageContextImpl.java:926)
	at lucee.runtime.PageContextImpl.doInclude(PageContextImpl.java:907)
	at web_cfm$cf.call(/admin/web.cfm:492)
	at lucee.runtime.PageContextImpl._doInclude(PageContextImpl.java:1034)
	at lucee.runtime.PageContextImpl._doInclude(PageContextImpl.java:926)
	at lucee.runtime.listener.ModernAppListener._onRequest(ModernAppListener.java:217)
	at lucee.runtime.listener.MixedAppListener.onRequest(MixedAppListener.java:44)
	at lucee.runtime.PageContextImpl.execute(PageContextImpl.java:2460)
	at lucee.runtime.PageContextImpl._execute(PageContextImpl.java:2450)
	at lucee.runtime.PageContextImpl.executeCFML(PageContextImpl.java:2421)
	at lucee.runtime.engine.Request.exe(Request.java:45)
	at lucee.runtime.engine.CFMLEngineImpl._service(CFMLEngineImpl.java:1179)
	at lucee.runtime.engine.CFMLEngineImpl.serviceCFML(CFMLEngineImpl.java:1125)
	at lucee.loader.engine.CFMLEngineWrapper.serviceCFML(CFMLEngineWrapper.java:97)
	at lucee.loader.servlet.CFMLServlet.service(CFMLServlet.java:51)
	at javax.servlet.http.HttpServlet.service(HttpServlet.java:764)
	at org.apache.catalina.core.ApplicationFilterChain.internalDoFilter(ApplicationFilterChain.java:227)
	at org.apache.catalina.core.ApplicationFilterChain.doFilter(ApplicationFilterChain.java:162)
	at org.apache.tomcat.websocket.server.WsFilter.doFilter(WsFilter.java:53)
	at org.apache.catalina.core.ApplicationFilterChain.internalDoFilter(ApplicationFilterChain.java:189)
	at org.apache.catalina.core.ApplicationFilterChain.doFilter(ApplicationFilterChain.java:162)
	at org.apache.catalina.core.StandardWrapperValve.invoke(StandardWrapperValve.java:197)
	at org.apache.catalina.core.StandardContextValve.invoke(StandardContextValve.java:97)
	at org.apache.catalina.authenticator.AuthenticatorBase.invoke(AuthenticatorBase.java:540)
	at org.apache.catalina.core.StandardHostValve.invoke(StandardHostValve.java:135)
	at org.apache.catalina.valves.ErrorReportValve.invoke(ErrorReportValve.java:92)
	at org.apache.catalina.valves.AbstractAccessLogValve.invoke(AbstractAccessLogValve.java:687)
	at org.apache.catalina.valves.RemoteIpValve.invoke(RemoteIpValve.java:769)
	at org.apache.catalina.core.StandardEngineValve.invoke(StandardEngineValve.java:78)
	at org.apache.catalina.connector.CoyoteAdapter.service(CoyoteAdapter.java:357)
	at org.apache.coyote.http11.Http11Processor.service(Http11Processor.java:382)
	at org.apache.coyote.AbstractProcessorLight.process(AbstractProcessorLight.java:65)
	at org.apache.coyote.AbstractProtocol$ConnectionHandler.process(AbstractProtocol.java:893)
	at org.apache.tomcat.util.net.NioEndpoint$SocketProcessor.doRun(NioEndpoint.java:1726)
	at org.apache.tomcat.util.net.SocketProcessorBase.run(SocketProcessorBase.java:49)
	at org.apache.tomcat.util.threads.ThreadPoolExecutor.runWorker(ThreadPoolExecutor.java:1191)
	at org.apache.tomcat.util.threads.ThreadPoolExecutor$Worker.run(ThreadPoolExecutor.java:659)
	at org.apache.tomcat.util.threads.TaskThread$WrappingRunnable.run(TaskThread.java:61)
	at java.base/java.lang.Thread.run(Thread.java:829)
Caused by: java.sql.SQLException: Access denied for user 'lucee_and_mysql'@'172.26.0.2' (using password: YES)
	... 58 more
"
"ERROR","http-nio-8888-exec-3","04/06/2022","13:37:41","webadmin5.3.8.206","Access denied for user 'lucee_and_mysql'@'172.26.0.2' (using password: YES);Access denied for user 'lucee_and_mysql'@'172.26.0.2' (using password: YES);lucee.runtime.exp.NativeException: Access denied for user 'lucee_and_mysql'@'172.26.0.2' (using password: YES)
	at com.mysql.cj.jdbc.exceptions.SQLError.createSQLException(SQLError.java:129)
	at com.mysql.cj.jdbc.exceptions.SQLError.createSQLException(SQLError.java:97)
	at com.mysql.cj.jdbc.exceptions.SQLExceptionsMapping.translateException(SQLExceptionsMapping.java:122)
	at com.mysql.cj.jdbc.ConnectionImpl.createNewIO(ConnectionImpl.java:836)
	at com.mysql.cj.jdbc.ConnectionImpl.<init>(ConnectionImpl.java:456)
	at com.mysql.cj.jdbc.ConnectionImpl.getInstance(ConnectionImpl.java:246)
	at com.mysql.cj.jdbc.NonRegisteringDriver.connect(NonRegisteringDriver.java:197)
	at lucee.runtime.db.DataSourceSupport._getConnection(DataSourceSupport.java:135)
	at lucee.runtime.db.DataSourceSupport.getConnection(DataSourceSupport.java:103)
	at lucee.runtime.tag.Admin._doVerifyDatasource(Admin.java:2893)
	at lucee.runtime.tag.Admin.doUpdateDatasource(Admin.java:2669)
	at lucee.runtime.tag.Admin._doStartTag(Admin.java:714)
	at lucee.runtime.tag.Admin.doStartTag(Admin.java:349)
	at services_datasource_create_cfm1334$cf.call(/admin/services.datasource.create.cfm:88)
	at lucee.runtime.PageContextImpl._doInclude(PageContextImpl.java:1034)
	at lucee.runtime.PageContextImpl._doInclude(PageContextImpl.java:926)
	at lucee.runtime.PageContextImpl.doInclude(PageContextImpl.java:907)
	at services_datasource_cfm414$cf.call(/admin/services.datasource.cfm:108)
	at lucee.runtime.PageContextImpl._doInclude(PageContextImpl.java:1034)
	at lucee.runtime.PageContextImpl._doInclude(PageContextImpl.java:926)
	at lucee.runtime.PageContextImpl.doInclude(PageContextImpl.java:907)
	at web_cfm$cf.call(/admin/web.cfm:492)
	at lucee.runtime.PageContextImpl._doInclude(PageContextImpl.java:1034)
	at lucee.runtime.PageContextImpl._doInclude(PageContextImpl.java:926)
	at lucee.runtime.listener.ModernAppListener._onRequest(ModernAppListener.java:217)
	at lucee.runtime.listener.MixedAppListener.onRequest(MixedAppListener.java:44)
	at lucee.runtime.PageContextImpl.execute(PageContextImpl.java:2460)
	at lucee.runtime.PageContextImpl._execute(PageContextImpl.java:2450)
	at lucee.runtime.PageContextImpl.executeCFML(PageContextImpl.java:2421)
	at lucee.runtime.engine.Request.exe(Request.java:45)
	at lucee.runtime.engine.CFMLEngineImpl._service(CFMLEngineImpl.java:1179)
	at lucee.runtime.engine.CFMLEngineImpl.serviceCFML(CFMLEngineImpl.java:1125)
	at lucee.loader.engine.CFMLEngineWrapper.serviceCFML(CFMLEngineWrapper.java:97)
	at lucee.loader.servlet.CFMLServlet.service(CFMLServlet.java:51)
	at javax.servlet.http.HttpServlet.service(HttpServlet.java:764)
	at org.apache.catalina.core.ApplicationFilterChain.internalDoFilter(ApplicationFilterChain.java:227)
	at org.apache.catalina.core.ApplicationFilterChain.doFilter(ApplicationFilterChain.java:162)
	at org.apache.tomcat.websocket.server.WsFilter.doFilter(WsFilter.java:53)
	at org.apache.catalina.core.ApplicationFilterChain.internalDoFilter(ApplicationFilterChain.java:189)
	at org.apache.catalina.core.ApplicationFilterChain.doFilter(ApplicationFilterChain.java:162)
	at org.apache.catalina.core.StandardWrapperValve.invoke(StandardWrapperValve.java:197)
	at org.apache.catalina.core.StandardContextValve.invoke(StandardContextValve.java:97)
	at org.apache.catalina.authenticator.AuthenticatorBase.invoke(AuthenticatorBase.java:540)
	at org.apache.catalina.core.StandardHostValve.invoke(StandardHostValve.java:135)
	at org.apache.catalina.valves.ErrorReportValve.invoke(ErrorReportValve.java:92)
	at org.apache.catalina.valves.AbstractAccessLogValve.invoke(AbstractAccessLogValve.java:687)
	at org.apache.catalina.valves.RemoteIpValve.invoke(RemoteIpValve.java:769)
	at org.apache.catalina.core.StandardEngineValve.invoke(StandardEngineValve.java:78)
	at org.apache.catalina.connector.CoyoteAdapter.service(CoyoteAdapter.java:357)
	at org.apache.coyote.http11.Http11Processor.service(Http11Processor.java:382)
	at org.apache.coyote.AbstractProcessorLight.process(AbstractProcessorLight.java:65)
	at org.apache.coyote.AbstractProtocol$ConnectionHandler.process(AbstractProtocol.java:893)
	at org.apache.tomcat.util.net.NioEndpoint$SocketProcessor.doRun(NioEndpoint.java:1726)
	at org.apache.tomcat.util.net.SocketProcessorBase.run(SocketProcessorBase.java:49)
	at org.apache.tomcat.util.threads.ThreadPoolExecutor.runWorker(ThreadPoolExecutor.java:1191)
	at org.apache.tomcat.util.threads.ThreadPoolExecutor$Worker.run(ThreadPoolExecutor.java:659)
	at org.apache.tomcat.util.threads.TaskThread$WrappingRunnable.run(TaskThread.java:61)
	at java.base/java.lang.Thread.run(Thread.java:829)
Caused by: java.sql.SQLException: Access denied for user 'lucee_and_mysql'@'172.26.0.2' (using password: YES)
	... 58 more
"
"ERROR","http-nio-8888-exec-5","04/06/2022","13:37:51","webadmin5.3.8.206","Access denied for user 'lucee_and_mysql'@'172.26.0.2' (using password: YES);Access denied for user 'lucee_and_mysql'@'172.26.0.2' (using password: YES);lucee.runtime.exp.NativeException: Access denied for user 'lucee_and_mysql'@'172.26.0.2' (using password: YES)
	at com.mysql.cj.jdbc.exceptions.SQLError.createSQLException(SQLError.java:129)
	at com.mysql.cj.jdbc.exceptions.SQLError.createSQLException(SQLError.java:97)
	at com.mysql.cj.jdbc.exceptions.SQLExceptionsMapping.translateException(SQLExceptionsMapping.java:122)
	at com.mysql.cj.jdbc.ConnectionImpl.createNewIO(ConnectionImpl.java:836)
	at com.mysql.cj.jdbc.ConnectionImpl.<init>(ConnectionImpl.java:456)
	at com.mysql.cj.jdbc.ConnectionImpl.getInstance(ConnectionImpl.java:246)
	at com.mysql.cj.jdbc.NonRegisteringDriver.connect(NonRegisteringDriver.java:197)
	at lucee.runtime.db.DataSourceSupport._getConnection(DataSourceSupport.java:135)
	at lucee.runtime.db.DataSourceSupport.getConnection(DataSourceSupport.java:103)
	at lucee.runtime.tag.Admin._doVerifyDatasource(Admin.java:2893)
	at lucee.runtime.tag.Admin.doUpdateDatasource(Admin.java:2669)
	at lucee.runtime.tag.Admin._doStartTag(Admin.java:714)
	at lucee.runtime.tag.Admin.doStartTag(Admin.java:349)
	at services_datasource_create_cfm1334$cf.call(/admin/services.datasource.create.cfm:88)
	at lucee.runtime.PageContextImpl._doInclude(PageContextImpl.java:1034)
	at lucee.runtime.PageContextImpl._doInclude(PageContextImpl.java:926)
	at lucee.runtime.PageContextImpl.doInclude(PageContextImpl.java:907)
	at services_datasource_cfm414$cf.call(/admin/services.datasource.cfm:108)
	at lucee.runtime.PageContextImpl._doInclude(PageContextImpl.java:1034)
	at lucee.runtime.PageContextImpl._doInclude(PageContextImpl.java:926)
	at lucee.runtime.PageContextImpl.doInclude(PageContextImpl.java:907)
	at web_cfm$cf.call(/admin/web.cfm:492)
	at lucee.runtime.PageContextImpl._doInclude(PageContextImpl.java:1034)
	at lucee.runtime.PageContextImpl._doInclude(PageContextImpl.java:926)
	at lucee.runtime.listener.ModernAppListener._onRequest(ModernAppListener.java:217)
	at lucee.runtime.listener.MixedAppListener.onRequest(MixedAppListener.java:44)
	at lucee.runtime.PageContextImpl.execute(PageContextImpl.java:2460)
	at lucee.runtime.PageContextImpl._execute(PageContextImpl.java:2450)
	at lucee.runtime.PageContextImpl.executeCFML(PageContextImpl.java:2421)
	at lucee.runtime.engine.Request.exe(Request.java:45)
	at lucee.runtime.engine.CFMLEngineImpl._service(CFMLEngineImpl.java:1179)
	at lucee.runtime.engine.CFMLEngineImpl.serviceCFML(CFMLEngineImpl.java:1125)
	at lucee.loader.engine.CFMLEngineWrapper.serviceCFML(CFMLEngineWrapper.java:97)
	at lucee.loader.servlet.CFMLServlet.service(CFMLServlet.java:51)
	at javax.servlet.http.HttpServlet.service(HttpServlet.java:764)
	at org.apache.catalina.core.ApplicationFilterChain.internalDoFilter(ApplicationFilterChain.java:227)
	at org.apache.catalina.core.ApplicationFilterChain.doFilter(ApplicationFilterChain.java:162)
	at org.apache.tomcat.websocket.server.WsFilter.doFilter(WsFilter.java:53)
	at org.apache.catalina.core.ApplicationFilterChain.internalDoFilter(ApplicationFilterChain.java:189)
	at org.apache.catalina.core.ApplicationFilterChain.doFilter(ApplicationFilterChain.java:162)
	at org.apache.catalina.core.StandardWrapperValve.invoke(StandardWrapperValve.java:197)
	at org.apache.catalina.core.StandardContextValve.invoke(StandardContextValve.java:97)
	at org.apache.catalina.authenticator.AuthenticatorBase.invoke(AuthenticatorBase.java:540)
	at org.apache.catalina.core.StandardHostValve.invoke(StandardHostValve.java:135)
	at org.apache.catalina.valves.ErrorReportValve.invoke(ErrorReportValve.java:92)
	at org.apache.catalina.valves.AbstractAccessLogValve.invoke(AbstractAccessLogValve.java:687)
	at org.apache.catalina.valves.RemoteIpValve.invoke(RemoteIpValve.java:769)
	at org.apache.catalina.core.StandardEngineValve.invoke(StandardEngineValve.java:78)
	at org.apache.catalina.connector.CoyoteAdapter.service(CoyoteAdapter.java:357)
	at org.apache.coyote.http11.Http11Processor.service(Http11Processor.java:382)
	at org.apache.coyote.AbstractProcessorLight.process(AbstractProcessorLight.java:65)
	at org.apache.coyote.AbstractProtocol$ConnectionHandler.process(AbstractProtocol.java:893)
	at org.apache.tomcat.util.net.NioEndpoint$SocketProcessor.doRun(NioEndpoint.java:1726)
	at org.apache.tomcat.util.net.SocketProcessorBase.run(SocketProcessorBase.java:49)
	at org.apache.tomcat.util.threads.ThreadPoolExecutor.runWorker(ThreadPoolExecutor.java:1191)
	at org.apache.tomcat.util.threads.ThreadPoolExecutor$Worker.run(ThreadPoolExecutor.java:659)
	at org.apache.tomcat.util.threads.TaskThread$WrappingRunnable.run(TaskThread.java:61)
	at java.base/java.lang.Thread.run(Thread.java:829)
Caused by: java.sql.SQLException: Access denied for user 'lucee_and_mysql'@'172.26.0.2' (using password: YES)
	... 58 more
"
"ERROR","http-nio-8888-exec-1","04/06/2022","13:39:06","webadmin5.3.8.206","Access denied for user 'lucee_and_mysql'@'172.26.0.2' (using password: YES);Access denied for user 'lucee_and_mysql'@'172.26.0.2' (using password: YES);lucee.runtime.exp.NativeException: Access denied for user 'lucee_and_mysql'@'172.26.0.2' (using password: YES)
	at com.mysql.cj.jdbc.exceptions.SQLError.createSQLException(SQLError.java:129)
	at com.mysql.cj.jdbc.exceptions.SQLError.createSQLException(SQLError.java:97)
	at com.mysql.cj.jdbc.exceptions.SQLExceptionsMapping.translateException(SQLExceptionsMapping.java:122)
	at com.mysql.cj.jdbc.ConnectionImpl.createNewIO(ConnectionImpl.java:836)
	at com.mysql.cj.jdbc.ConnectionImpl.<init>(ConnectionImpl.java:456)
	at com.mysql.cj.jdbc.ConnectionImpl.getInstance(ConnectionImpl.java:246)
	at com.mysql.cj.jdbc.NonRegisteringDriver.connect(NonRegisteringDriver.java:197)
	at lucee.runtime.db.DataSourceSupport._getConnection(DataSourceSupport.java:135)
	at lucee.runtime.db.DataSourceSupport.getConnection(DataSourceSupport.java:103)
	at lucee.runtime.tag.Admin._doVerifyDatasource(Admin.java:2893)
	at lucee.runtime.tag.Admin.doUpdateDatasource(Admin.java:2669)
	at lucee.runtime.tag.Admin._doStartTag(Admin.java:714)
	at lucee.runtime.tag.Admin.doStartTag(Admin.java:349)
	at services_datasource_create_cfm1334$cf.call(/admin/services.datasource.create.cfm:88)
	at lucee.runtime.PageContextImpl._doInclude(PageContextImpl.java:1034)
	at lucee.runtime.PageContextImpl._doInclude(PageContextImpl.java:926)
	at lucee.runtime.PageContextImpl.doInclude(PageContextImpl.java:907)
	at services_datasource_cfm414$cf.call(/admin/services.datasource.cfm:108)
	at lucee.runtime.PageContextImpl._doInclude(PageContextImpl.java:1034)
	at lucee.runtime.PageContextImpl._doInclude(PageContextImpl.java:926)
	at lucee.runtime.PageContextImpl.doInclude(PageContextImpl.java:907)
	at web_cfm$cf.call(/admin/web.cfm:492)
	at lucee.runtime.PageContextImpl._doInclude(PageContextImpl.java:1034)
	at lucee.runtime.PageContextImpl._doInclude(PageContextImpl.java:926)
	at lucee.runtime.listener.ModernAppListener._onRequest(ModernAppListener.java:217)
	at lucee.runtime.listener.MixedAppListener.onRequest(MixedAppListener.java:44)
	at lucee.runtime.PageContextImpl.execute(PageContextImpl.java:2460)
	at lucee.runtime.PageContextImpl._execute(PageContextImpl.java:2450)
	at lucee.runtime.PageContextImpl.executeCFML(PageContextImpl.java:2421)
	at lucee.runtime.engine.Request.exe(Request.java:45)
	at lucee.runtime.engine.CFMLEngineImpl._service(CFMLEngineImpl.java:1179)
	at lucee.runtime.engine.CFMLEngineImpl.serviceCFML(CFMLEngineImpl.java:1125)
	at lucee.loader.engine.CFMLEngineWrapper.serviceCFML(CFMLEngineWrapper.java:97)
	at lucee.loader.servlet.CFMLServlet.service(CFMLServlet.java:51)
	at javax.servlet.http.HttpServlet.service(HttpServlet.java:764)
	at org.apache.catalina.core.ApplicationFilterChain.internalDoFilter(ApplicationFilterChain.java:227)
	at org.apache.catalina.core.ApplicationFilterChain.doFilter(ApplicationFilterChain.java:162)
	at org.apache.tomcat.websocket.server.WsFilter.doFilter(WsFilter.java:53)
	at org.apache.catalina.core.ApplicationFilterChain.internalDoFilter(ApplicationFilterChain.java:189)
	at org.apache.catalina.core.ApplicationFilterChain.doFilter(ApplicationFilterChain.java:162)
	at org.apache.catalina.core.StandardWrapperValve.invoke(StandardWrapperValve.java:197)
	at org.apache.catalina.core.StandardContextValve.invoke(StandardContextValve.java:97)
	at org.apache.catalina.authenticator.AuthenticatorBase.invoke(AuthenticatorBase.java:540)
	at org.apache.catalina.core.StandardHostValve.invoke(StandardHostValve.java:135)
	at org.apache.catalina.valves.ErrorReportValve.invoke(ErrorReportValve.java:92)
	at org.apache.catalina.valves.AbstractAccessLogValve.invoke(AbstractAccessLogValve.java:687)
	at org.apache.catalina.valves.RemoteIpValve.invoke(RemoteIpValve.java:769)
	at org.apache.catalina.core.StandardEngineValve.invoke(StandardEngineValve.java:78)
	at org.apache.catalina.connector.CoyoteAdapter.service(CoyoteAdapter.java:357)
	at org.apache.coyote.http11.Http11Processor.service(Http11Processor.java:382)
	at org.apache.coyote.AbstractProcessorLight.process(AbstractProcessorLight.java:65)
	at org.apache.coyote.AbstractProtocol$ConnectionHandler.process(AbstractProtocol.java:893)
	at org.apache.tomcat.util.net.NioEndpoint$SocketProcessor.doRun(NioEndpoint.java:1726)
	at org.apache.tomcat.util.net.SocketProcessorBase.run(SocketProcessorBase.java:49)
	at org.apache.tomcat.util.threads.ThreadPoolExecutor.runWorker(ThreadPoolExecutor.java:1191)
	at org.apache.tomcat.util.threads.ThreadPoolExecutor$Worker.run(ThreadPoolExecutor.java:659)
	at org.apache.tomcat.util.threads.TaskThread$WrappingRunnable.run(TaskThread.java:61)
	at java.base/java.lang.Thread.run(Thread.java:829)
Caused by: java.sql.SQLException: Access denied for user 'lucee_and_mysql'@'172.26.0.2' (using password: YES)
	... 58 more
"
"INFO","Thread-6","04/06/2022","13:43:25","lucee.runtime.CFMLFactoryImpl","Reset 6 Unused PageContexts"
"INFO","Thread-6","04/06/2022","13:53:08","lucee.runtime.CFMLFactoryImpl","Reset 1 Unused PageContexts"
"INFO","Thread-6","04/06/2022","13:53:46","lucee.runtime.CFMLFactoryImpl","Reset 1 Unused PageContexts"
"INFO","Thread-6","04/06/2022","13:55:36","lucee.runtime.CFMLFactoryImpl","Reset 1 Unused PageContexts"
"INFO","Thread-6","04/06/2022","13:56:27","lucee.runtime.CFMLFactoryImpl","Reset 1 Unused PageContexts"
"INFO","Thread-6","04/06/2022","13:58:02","lucee.runtime.CFMLFactoryImpl","Reset 1 Unused PageContexts"
"INFO","Thread-6","04/06/2022","13:59:22","lucee.runtime.CFMLFactoryImpl","Reset 1 Unused PageContexts"
"INFO","Thread-6","04/06/2022","14:00:02","lucee.runtime.CFMLFactoryImpl","Reset 1 Unused PageContexts"
"INFO","Thread-6","04/06/2022","14:05:24","lucee.runtime.CFMLFactoryImpl","Reset 1 Unused PageContexts"
"INFO","Thread-6","04/06/2022","14:12:00","lucee.runtime.CFMLFactoryImpl","Reset 1 Unused PageContexts"
"INFO","Thread-6","04/06/2022","14:12:39","lucee.runtime.CFMLFactoryImpl","Reset 1 Unused PageContexts"
