"Severity","ThreadID","Date","Time","Application","Message"
"ERROR","http-nio-8888-exec-10","04/06/2022","13:32:37","","invalid component definition, can't find component [BaseSpec];invalid component definition, can't find component [BaseSpec];lucee.runtime.exp.ExpressionException: invalid component definition, can't find component [BaseSpec]
	at lucee.runtime.component.ComponentLoader._search(ComponentLoader.java:125)
	at lucee.runtime.component.ComponentLoader.searchComponent(ComponentLoader.java:84)
	at lucee.runtime.ComponentImpl.init(ComponentImpl.java:376)
	at test.integration.db.baselinetest_cfc$cf.initComponent(/test/integration/db/BaselineTest.cfc)
	at test.integration.db.baselinetest_cfc$cf.newInstance(/test/integration/db/BaselineTest.cfc:3)
	at lucee.runtime.component.ComponentLoader.initComponent(ComponentLoader.java:548)
	at lucee.runtime.component.ComponentLoader._loadComponent(ComponentLoader.java:487)
	at lucee.runtime.component.ComponentLoader.load(ComponentLoader.java:410)
	at lucee.runtime.component.ComponentLoader._search(ComponentLoader.java:296)
	at lucee.runtime.component.ComponentLoader._search(ComponentLoader.java:117)
	at lucee.runtime.component.ComponentLoader.searchComponent(ComponentLoader.java:84)
	at lucee.runtime.functions.other.GetComponentMetaData.call(GetComponentMetaData.java:51)
	at testbox.system.testbox_cfc$cf.udfCall1(/testbox/system/TestBox.cfc:267)
	at testbox.system.testbox_cfc$cf.udfCall(/testbox/system/TestBox.cfc)
	at lucee.runtime.type.UDFImpl.implementation(UDFImpl.java:106)
	at lucee.runtime.type.UDFImpl._call(UDFImpl.java:344)
	at lucee.runtime.type.UDFImpl.callWithNamedValues(UDFImpl.java:207)
	at lucee.runtime.type.scope.UndefinedImpl.callWithNamedValues(UndefinedImpl.java:802)
	at lucee.runtime.util.VariableUtilImpl.callFunctionWithNamedValues(VariableUtilImpl.java:866)
	at lucee.runtime.PageContextImpl.getFunctionWithNamedValues(PageContextImpl.java:1766)
	at testbox.system.testbox_cfc$cf.udfCall1(/testbox/system/TestBox.cfc:164)
	at testbox.system.testbox_cfc$cf.udfCall(/testbox/system/TestBox.cfc)
	at lucee.runtime.type.UDFImpl.implementation(UDFImpl.java:106)
	at lucee.runtime.type.UDFImpl._call(UDFImpl.java:344)
	at lucee.runtime.type.UDFImpl.callWithNamedValues(UDFImpl.java:207)
	at lucee.runtime.ComponentImpl._call(ComponentImpl.java:685)
	at lucee.runtime.ComponentImpl._call(ComponentImpl.java:572)
	at lucee.runtime.ComponentImpl.callWithNamedValues(ComponentImpl.java:1930)
	at lucee.runtime.util.VariableUtilImpl.callFunctionWithNamedValues(VariableUtilImpl.java:866)
	at lucee.runtime.PageContextImpl.getFunctionWithNamedValues(PageContextImpl.java:1766)
	at test.runtests_cfm$cf.call(/test/runTests.cfm:6)
	at lucee.runtime.PageContextImpl._doInclude(PageContextImpl.java:1034)
	at lucee.runtime.PageContextImpl._doInclude(PageContextImpl.java:926)
	at lucee.runtime.listener.ModernAppListener._onRequest(ModernAppListener.java:217)
	at lucee.runtime.listener.MixedAppListener.onRequest(MixedAppListener.java:44)
	at lucee.runtime.PageContextImpl.execute(PageContextImpl.java:2460)
	at lucee.runtime.PageContextImpl._execute(PageContextImpl.java:2450)
	at lucee.runtime.PageContextImpl.executeCFML(PageContextImpl.java:2421)
	at lucee.runtime.engine.Request.exe(Request.java:45)
	at lucee.runtime.engine.CFMLEngineImpl._service(CFMLEngineImpl.java:1179)
	at lucee.runtime.engine.CFMLEngineImpl.serviceCFML(CFMLEngineImpl.java:1125)
	at lucee.loader.engine.CFMLEngineWrapper.serviceCFML(CFMLEngineWrapper.java:97)
	at lucee.loader.servlet.CFMLServlet.service(CFMLServlet.java:51)
..."
"ERROR","http-nio-8888-exec-6","04/06/2022","13:34:41","","key [REPORTFORMAT] doesn't exist;key [REPORTFORMAT] doesn't exist;lucee.runtime.exp.ExpressionException: key [REPORTFORMAT] doesn't exist
	at lucee.runtime.type.util.StructSupport.invalidKey(StructSupport.java:67)
	at lucee.runtime.type.StructImpl.get(StructImpl.java:139)
	at test.runtests_cfm$cf.call(/test/runTests.cfm:6)
	at lucee.runtime.PageContextImpl._doInclude(PageContextImpl.java:1034)
	at lucee.runtime.PageContextImpl._doInclude(PageContextImpl.java:926)
	at lucee.runtime.listener.ModernAppListener._onRequest(ModernAppListener.java:217)
	at lucee.runtime.listener.MixedAppListener.onRequest(MixedAppListener.java:44)
	at lucee.runtime.PageContextImpl.execute(PageContextImpl.java:2460)
	at lucee.runtime.PageContextImpl._execute(PageContextImpl.java:2450)
	at lucee.runtime.PageContextImpl.executeCFML(PageContextImpl.java:2421)
	at lucee.runtime.engine.Request.exe(Request.java:45)
	at lucee.runtime.engine.CFMLEngineImpl._service(CFMLEngineImpl.java:1179)
	at lucee.runtime.engine.CFMLEngineImpl.serviceCFML(CFMLEngineImpl.java:1125)
	at lucee.loader.engine.CFMLEngineWrapper.serviceCFML(CFMLEngineWrapper.java:97)
	at lucee.loader.servlet.CFMLServlet.service(CFMLServlet.java:51)
..."
"ERROR","http-nio-8888-exec-1","04/06/2022","13:51:35","","invalid component definition, can't find component [testbox.system.TestBox];invalid component definition, can't find component [testbox.system.TestBox];lucee.runtime.exp.ExpressionException: invalid component definition, can't find component [testbox.system.TestBox]
	at lucee.runtime.component.ComponentLoader._search(ComponentLoader.java:125)
	at lucee.runtime.component.ComponentLoader.searchComponent(ComponentLoader.java:79)
	at lucee.runtime.PageContextImpl.loadComponent(PageContextImpl.java:3247)
	at lucee.runtime.functions.other.CreateObject.doComponent(CreateObject.java:148)
	at lucee.runtime.functions.other._CreateComponent.call(_CreateComponent.java:42)
	at test.runtests_cfm$cf.call(/test/runTests.cfm:5)
	at lucee.runtime.PageContextImpl._doInclude(PageContextImpl.java:1034)
	at lucee.runtime.PageContextImpl._doInclude(PageContextImpl.java:926)
	at lucee.runtime.listener.ModernAppListener._onRequest(ModernAppListener.java:217)
	at lucee.runtime.listener.MixedAppListener.onRequest(MixedAppListener.java:44)
	at lucee.runtime.PageContextImpl.execute(PageContextImpl.java:2460)
	at lucee.runtime.PageContextImpl._execute(PageContextImpl.java:2450)
	at lucee.runtime.PageContextImpl.executeCFML(PageContextImpl.java:2421)
	at lucee.runtime.engine.Request.exe(Request.java:45)
	at lucee.runtime.engine.CFMLEngineImpl._service(CFMLEngineImpl.java:1179)
	at lucee.runtime.engine.CFMLEngineImpl.serviceCFML(CFMLEngineImpl.java:1125)
	at lucee.loader.engine.CFMLEngineWrapper.serviceCFML(CFMLEngineWrapper.java:97)
	at lucee.loader.servlet.CFMLServlet.service(CFMLServlet.java:51)
..."
"ERROR","http-nio-8888-exec-1","04/06/2022","14:03:40","","invalid component definition, can't find component [testbox.system.TestBox];invalid component definition, can't find component [testbox.system.TestBox];lucee.runtime.exp.ExpressionException: invalid component definition, can't find component [testbox.system.TestBox]
	at lucee.runtime.component.ComponentLoader._search(ComponentLoader.java:125)
	at lucee.runtime.component.ComponentLoader.searchComponent(ComponentLoader.java:79)
	at lucee.runtime.PageContextImpl.loadComponent(PageContextImpl.java:3247)
	at lucee.runtime.functions.other.CreateObject.doComponent(CreateObject.java:148)
	at lucee.runtime.functions.other._CreateComponent.call(_CreateComponent.java:42)
	at test.runtests_cfm$cf.call(/test/runTests.cfm:5)
	at lucee.runtime.PageContextImpl._doInclude(PageContextImpl.java:1034)
	at lucee.runtime.PageContextImpl._doInclude(PageContextImpl.java:926)
	at lucee.runtime.listener.ModernAppListener._onRequest(ModernAppListener.java:217)
	at lucee.runtime.listener.MixedAppListener.onRequest(MixedAppListener.java:44)
	at lucee.runtime.PageContextImpl.execute(PageContextImpl.java:2460)
	at lucee.runtime.PageContextImpl._execute(PageContextImpl.java:2450)
	at lucee.runtime.PageContextImpl.executeCFML(PageContextImpl.java:2421)
	at lucee.runtime.engine.Request.exe(Request.java:45)
	at lucee.runtime.engine.CFMLEngineImpl._service(CFMLEngineImpl.java:1179)
	at lucee.runtime.engine.CFMLEngineImpl.serviceCFML(CFMLEngineImpl.java:1125)
	at lucee.loader.engine.CFMLEngineWrapper.serviceCFML(CFMLEngineWrapper.java:97)
	at lucee.loader.servlet.CFMLServlet.service(CFMLServlet.java:51)
..."
"ERROR","http-nio-8888-exec-2","04/06/2022","14:03:43","","invalid component definition, can't find component [testbox.system.TestBox];invalid component definition, can't find component [testbox.system.TestBox];lucee.runtime.exp.ExpressionException: invalid component definition, can't find component [testbox.system.TestBox]
	at lucee.runtime.component.ComponentLoader._search(ComponentLoader.java:125)
	at lucee.runtime.component.ComponentLoader.searchComponent(ComponentLoader.java:79)
	at lucee.runtime.PageContextImpl.loadComponent(PageContextImpl.java:3247)
	at lucee.runtime.functions.other.CreateObject.doComponent(CreateObject.java:148)
	at lucee.runtime.functions.other._CreateComponent.call(_CreateComponent.java:42)
	at test.runtests_cfm$cf.call(/test/runTests.cfm:5)
	at lucee.runtime.PageContextImpl._doInclude(PageContextImpl.java:1034)
	at lucee.runtime.PageContextImpl._doInclude(PageContextImpl.java:926)
	at lucee.runtime.listener.ModernAppListener._onRequest(ModernAppListener.java:217)
	at lucee.runtime.listener.MixedAppListener.onRequest(MixedAppListener.java:44)
	at lucee.runtime.PageContextImpl.execute(PageContextImpl.java:2460)
	at lucee.runtime.PageContextImpl._execute(PageContextImpl.java:2450)
	at lucee.runtime.PageContextImpl.executeCFML(PageContextImpl.java:2421)
	at lucee.runtime.engine.Request.exe(Request.java:45)
	at lucee.runtime.engine.CFMLEngineImpl._service(CFMLEngineImpl.java:1179)
	at lucee.runtime.engine.CFMLEngineImpl.serviceCFML(CFMLEngineImpl.java:1125)
	at lucee.loader.engine.CFMLEngineWrapper.serviceCFML(CFMLEngineWrapper.java:97)
	at lucee.loader.servlet.CFMLServlet.service(CFMLServlet.java:51)
..."
"ERROR","http-nio-8888-exec-3","04/06/2022","14:03:43","","invalid component definition, can't find component [testbox.system.TestBox];invalid component definition, can't find component [testbox.system.TestBox];lucee.runtime.exp.ExpressionException: invalid component definition, can't find component [testbox.system.TestBox]
	at lucee.runtime.component.ComponentLoader._search(ComponentLoader.java:125)
	at lucee.runtime.component.ComponentLoader.searchComponent(ComponentLoader.java:79)
	at lucee.runtime.PageContextImpl.loadComponent(PageContextImpl.java:3247)
	at lucee.runtime.functions.other.CreateObject.doComponent(CreateObject.java:148)
	at lucee.runtime.functions.other._CreateComponent.call(_CreateComponent.java:42)
	at test.runtests_cfm$cf.call(/test/runTests.cfm:5)
	at lucee.runtime.PageContextImpl._doInclude(PageContextImpl.java:1034)
	at lucee.runtime.PageContextImpl._doInclude(PageContextImpl.java:926)
	at lucee.runtime.listener.ModernAppListener._onRequest(ModernAppListener.java:217)
	at lucee.runtime.listener.MixedAppListener.onRequest(MixedAppListener.java:44)
	at lucee.runtime.PageContextImpl.execute(PageContextImpl.java:2460)
	at lucee.runtime.PageContextImpl._execute(PageContextImpl.java:2450)
	at lucee.runtime.PageContextImpl.executeCFML(PageContextImpl.java:2421)
	at lucee.runtime.engine.Request.exe(Request.java:45)
	at lucee.runtime.engine.CFMLEngineImpl._service(CFMLEngineImpl.java:1179)
	at lucee.runtime.engine.CFMLEngineImpl.serviceCFML(CFMLEngineImpl.java:1125)
	at lucee.loader.engine.CFMLEngineWrapper.serviceCFML(CFMLEngineWrapper.java:97)
	at lucee.loader.servlet.CFMLServlet.service(CFMLServlet.java:51)
..."
"ERROR","http-nio-8888-exec-1","04/06/2022","14:18:14","","invalid component definition, can't find component [testbox.system.TestBox];invalid component definition, can't find component [testbox.system.TestBox];lucee.runtime.exp.ExpressionException: invalid component definition, can't find component [testbox.system.TestBox]
	at lucee.runtime.component.ComponentLoader._search(ComponentLoader.java:125)
	at lucee.runtime.component.ComponentLoader.searchComponent(ComponentLoader.java:79)
	at lucee.runtime.PageContextImpl.loadComponent(PageContextImpl.java:3247)
	at lucee.runtime.functions.other.CreateObject.doComponent(CreateObject.java:148)
	at lucee.runtime.functions.other._CreateComponent.call(_CreateComponent.java:42)
	at test.runtests_cfm$cf.call(/test/runTests.cfm:5)
	at lucee.runtime.PageContextImpl._doInclude(PageContextImpl.java:1034)
	at lucee.runtime.PageContextImpl._doInclude(PageContextImpl.java:926)
	at lucee.runtime.listener.ModernAppListener._onRequest(ModernAppListener.java:217)
	at lucee.runtime.listener.MixedAppListener.onRequest(MixedAppListener.java:44)
	at lucee.runtime.PageContextImpl.execute(PageContextImpl.java:2460)
	at lucee.runtime.PageContextImpl._execute(PageContextImpl.java:2450)
	at lucee.runtime.PageContextImpl.executeCFML(PageContextImpl.java:2421)
	at lucee.runtime.engine.Request.exe(Request.java:45)
	at lucee.runtime.engine.CFMLEngineImpl._service(CFMLEngineImpl.java:1179)
	at lucee.runtime.engine.CFMLEngineImpl.serviceCFML(CFMLEngineImpl.java:1125)
	at lucee.loader.engine.CFMLEngineWrapper.serviceCFML(CFMLEngineWrapper.java:97)
	at lucee.loader.servlet.CFMLServlet.service(CFMLServlet.java:51)
..."
